<?xml version="1.0" encoding="UTF-8"?>
<!-- Generated by org.testng.reporters.JUnitReportReporter -->
<testsuite skipped="0" hostname="DESKTOP-CSDHVRH" name="com.tsoftlatam.automatizacion.test.extentReport_307.Test2Ejemplo2" tests="2" failures="0" timestamp="31 Oct 2017 21:01:28 GMT" time="6.610" errors="0">
  <testcase name="paso2" time="2.411" classname="com.tsoftlatam.automatizacion.test.extentReport_307.Test2Ejemplo2"/>
  <testcase name="paso1" time="4.199" classname="com.tsoftlatam.automatizacion.test.extentReport_307.Test2Ejemplo2"/>
</testsuite> <!-- com.tsoftlatam.automatizacion.test.extentReport_307.Test2Ejemplo2 -->
