<?xml version="1.0" encoding="UTF-8"?>
<!-- Generated by org.testng.reporters.JUnitReportReporter -->
<testsuite skipped="0" hostname="DESKTOP-CSDHVRH" name="com.tsoftlatam.automatizacion.test.Test1Ejemplo" tests="2" failures="0" timestamp="31 Oct 2017 17:48:34 GMT" time="7.899" errors="0">
  <testcase name="paso1" time="5.810" classname="com.tsoftlatam.automatizacion.test.Test1Ejemplo"/>
  <testcase name="paso2" time="2.089" classname="com.tsoftlatam.automatizacion.test.Test1Ejemplo"/>
</testsuite> <!-- com.tsoftlatam.automatizacion.test.Test1Ejemplo -->
