<?xml version="1.0" encoding="UTF-8"?>
<!-- Generated by org.testng.reporters.JUnitReportReporter -->
<testsuite skipped="0" hostname="DESKTOP-CSDHVRH" name="com.tsoftlatam.automatizacion.test.Test1" tests="3" failures="0" timestamp="30 oct 2017 14:44:45 GMT" time="23.115" errors="0">
  <testcase name="chromeTest" time="8.055" classname="com.tsoftlatam.automatizacion.test.Test1"/>
  <testcase name="mozillaTest" time="10.770" classname="com.tsoftlatam.automatizacion.test.Test1"/>
  <testcase name="iExplorerTest" time="4.290" classname="com.tsoftlatam.automatizacion.test.Test1"/>
</testsuite> <!-- com.tsoftlatam.automatizacion.test.Test1 -->
