<?xml version="1.0" encoding="UTF-8"?>
<!-- Generated by org.testng.reporters.JUnitReportReporter -->
<testsuite skipped="0" hostname="DESKTOP-CSDHVRH" name="com.tsoftlatam.automatizacion.test.extentReport_2412.Test2Ejemplo2" tests="2" failures="0" timestamp="31 oct 2017 20:19:21 GMT" time="7.544" errors="0">
  <testcase name="paso2" time="2.378" classname="com.tsoftlatam.automatizacion.test.extentReport_2412.Test2Ejemplo2"/>
  <testcase name="paso1" time="5.166" classname="com.tsoftlatam.automatizacion.test.extentReport_2412.Test2Ejemplo2"/>
</testsuite> <!-- com.tsoftlatam.automatizacion.test.extentReport_2412.Test2Ejemplo2 -->
