<?xml version="1.0" encoding="UTF-8"?>
<!-- Generated by org.testng.reporters.JUnitReportReporter -->
<testsuite skipped="0" hostname="DESKTOP-CSDHVRH" name="com.tsoftlatam.automatizacion.test.extentReport_2412.Login" tests="1" failures="0" timestamp="03 nov 2017 18:10:12 GMT" time="3.014" errors="0">
  <testcase name="paso1" time="3.014" classname="com.tsoftlatam.automatizacion.test.extentReport_2412.Login"/>
</testsuite> <!-- com.tsoftlatam.automatizacion.test.extentReport_2412.Login -->
