<?xml version="1.0" encoding="UTF-8"?>
<!-- Generated by org.testng.reporters.JUnitReportReporter -->
<testsuite skipped="0" hostname="DESKTOP-CSDHVRH" name="com.tsoftlatam.automatizacion.test.Test2Ejemplo" tests="2" failures="0" timestamp="31 Oct 2017 17:39:18 GMT" time="7.530" errors="0">
  <testcase name="paso1" time="5.448" classname="com.tsoftlatam.automatizacion.test.Test2Ejemplo"/>
  <testcase name="paso2" time="2.082" classname="com.tsoftlatam.automatizacion.test.Test2Ejemplo"/>
</testsuite> <!-- com.tsoftlatam.automatizacion.test.Test2Ejemplo -->
